mode: set
github.com/taciomcosta/chesstournament/internal/chessclub/service.go:12.50,14.2 1 1
github.com/taciomcosta/chesstournament/internal/chessclub/service.go:20.64,22.16 2 1
github.com/taciomcosta/chesstournament/internal/chessclub/service.go:25.2,25.18 1 1
github.com/taciomcosta/chesstournament/internal/chessclub/service.go:22.16,24.3 1 1
github.com/taciomcosta/chesstournament/cmd/webapi/chessclub.go:16.13,18.2 1 1
github.com/taciomcosta/chesstournament/cmd/webapi/chessclub.go:20.73,24.16 4 1
github.com/taciomcosta/chesstournament/cmd/webapi/chessclub.go:24.16,27.3 2 1
github.com/taciomcosta/chesstournament/cmd/webapi/chessclub.go:27.8,30.3 2 1
github.com/taciomcosta/chesstournament/cmd/webapi/chessclub.go:33.33,37.2 3 1
github.com/taciomcosta/chesstournament/cmd/webapi/chessclub.go:39.38,42.2 2 1
github.com/taciomcosta/chesstournament/cmd/webapi/chessclub.go:44.37,47.2 2 1
github.com/taciomcosta/chesstournament/cmd/webapi/main.go:10.13,15.2 4 0
